0 info it worked if it ends with ok
1 verbose cli [ '/usr/local/bin/node',
1 verbose cli   '/usr/local/bin/npm',
1 verbose cli   'install',
1 verbose cli   '-g',
1 verbose cli   'spaceship-prompt' ]
2 info using npm@3.10.9
3 info using node@v6.9.2
4 silly loadCurrentTree Starting
5 silly install loadCurrentTree
6 silly install readGlobalPackageData
7 silly fetchPackageMetaData spaceship-prompt
8 silly fetchNamedPackageData spaceship-prompt
9 silly mapToRegistry name spaceship-prompt
10 silly mapToRegistry using default registry
11 silly mapToRegistry registry https://registry.npmjs.org/
12 silly mapToRegistry data Result {
12 silly mapToRegistry   raw: 'spaceship-prompt',
12 silly mapToRegistry   scope: null,
12 silly mapToRegistry   escapedName: 'spaceship-prompt',
12 silly mapToRegistry   name: 'spaceship-prompt',
12 silly mapToRegistry   rawSpec: '',
12 silly mapToRegistry   spec: 'latest',
12 silly mapToRegistry   type: 'tag' }
13 silly mapToRegistry uri https://registry.npmjs.org/spaceship-prompt
14 verbose request uri https://registry.npmjs.org/spaceship-prompt
15 verbose request no auth needed
16 info attempt registry request try #1 at 2:37:23 AM
17 verbose request id 36bda9879604da89
18 verbose etag "5adf3a54-747a"
19 verbose lastModified Tue, 24 Apr 2018 14:08:20 GMT
20 http request GET https://registry.npmjs.org/spaceship-prompt
21 http 304 https://registry.npmjs.org/spaceship-prompt
22 verbose headers { date: 'Wed, 25 Apr 2018 07:37:23 GMT',
22 verbose headers   via: '1.1 varnish',
22 verbose headers   'cache-control': 'max-age=300',
22 verbose headers   etag: '"5adf3a54-747a"',
22 verbose headers   age: '0',
22 verbose headers   connection: 'keep-alive',
22 verbose headers   'x-served-by': 'cache-mdw17325-MDW',
22 verbose headers   'x-cache': 'MISS',
22 verbose headers   'x-cache-hits': '0',
22 verbose headers   'x-timer': 'S1524641843.476241,VS0,VE53',
22 verbose headers   vary: 'Accept-Encoding, Accept' }
23 silly get cb [ 304,
23 silly get   { date: 'Wed, 25 Apr 2018 07:37:23 GMT',
23 silly get     via: '1.1 varnish',
23 silly get     'cache-control': 'max-age=300',
23 silly get     etag: '"5adf3a54-747a"',
23 silly get     age: '0',
23 silly get     connection: 'keep-alive',
23 silly get     'x-served-by': 'cache-mdw17325-MDW',
23 silly get     'x-cache': 'MISS',
23 silly get     'x-cache-hits': '0',
23 silly get     'x-timer': 'S1524641843.476241,VS0,VE53',
23 silly get     vary: 'Accept-Encoding, Accept' } ]
24 verbose etag https://registry.npmjs.org/spaceship-prompt from cache
25 verbose get saving spaceship-prompt to /Users/shivambharuka/.npm/registry.npmjs.org/spaceship-prompt/.cache.json
26 verbose correctMkdir /Users/shivambharuka/.npm correctMkdir not in flight; initializing
27 silly install normalizeTree
28 silly loadCurrentTree Finishing
29 silly loadIdealTree Starting
30 silly install loadIdealTree
31 silly cloneCurrentTree Starting
32 silly install cloneCurrentTreeToIdealTree
33 silly cloneCurrentTree Finishing
34 silly loadShrinkwrap Starting
35 silly install loadShrinkwrap
36 silly loadShrinkwrap Finishing
37 silly loadAllDepsIntoIdealTree Starting
38 silly install loadAllDepsIntoIdealTree
39 silly resolveWithNewModule spaceship-prompt@3.4.1 checking installable status
40 silly cache add args [ 'spaceship-prompt', null ]
41 verbose cache add spec spaceship-prompt
42 silly cache add parsed spec Result {
42 silly cache add   raw: 'spaceship-prompt',
42 silly cache add   scope: null,
42 silly cache add   escapedName: 'spaceship-prompt',
42 silly cache add   name: 'spaceship-prompt',
42 silly cache add   rawSpec: '',
42 silly cache add   spec: 'latest',
42 silly cache add   type: 'tag' }
43 silly addNamed spaceship-prompt@latest
44 verbose addNamed "latest" is being treated as a dist-tag for spaceship-prompt
45 info addNameTag [ 'spaceship-prompt', 'latest' ]
46 silly mapToRegistry name spaceship-prompt
47 silly mapToRegistry using default registry
48 silly mapToRegistry registry https://registry.npmjs.org/
49 silly mapToRegistry data Result {
49 silly mapToRegistry   raw: 'spaceship-prompt',
49 silly mapToRegistry   scope: null,
49 silly mapToRegistry   escapedName: 'spaceship-prompt',
49 silly mapToRegistry   name: 'spaceship-prompt',
49 silly mapToRegistry   rawSpec: '',
49 silly mapToRegistry   spec: 'latest',
49 silly mapToRegistry   type: 'tag' }
50 silly mapToRegistry uri https://registry.npmjs.org/spaceship-prompt
51 verbose addNameTag registry:https://registry.npmjs.org/spaceship-prompt not in flight; fetching
52 verbose get https://registry.npmjs.org/spaceship-prompt not expired, no request
53 silly addNameTag next cb for spaceship-prompt with tag latest
54 silly addNamed spaceship-prompt@3.4.1
55 verbose addNamed "3.4.1" is a plain semver version for spaceship-prompt
56 silly cache afterAdd spaceship-prompt@3.4.1
57 verbose afterAdd /Users/shivambharuka/.npm/spaceship-prompt/3.4.1/package/package.json not in flight; writing
58 verbose correctMkdir /Users/shivambharuka/.npm correctMkdir not in flight; initializing
59 verbose afterAdd /Users/shivambharuka/.npm/spaceship-prompt/3.4.1/package/package.json written
60 silly loadAllDepsIntoIdealTree Finishing
61 silly loadIdealTree Finishing
62 silly currentTree lib
63 silly idealTree lib
63 silly idealTree └── spaceship-prompt@3.4.1
64 silly generateActionsToTake Starting
65 silly install generateActionsToTake
66 silly generateActionsToTake Finishing
67 silly diffTrees action count 1
68 silly diffTrees add spaceship-prompt@3.4.1
69 silly decomposeActions action count 8
70 silly decomposeActions fetch spaceship-prompt@3.4.1
71 silly decomposeActions extract spaceship-prompt@3.4.1
72 silly decomposeActions test spaceship-prompt@3.4.1
73 silly decomposeActions preinstall spaceship-prompt@3.4.1
74 silly decomposeActions build spaceship-prompt@3.4.1
75 silly decomposeActions install spaceship-prompt@3.4.1
76 silly decomposeActions postinstall spaceship-prompt@3.4.1
77 silly decomposeActions finalize spaceship-prompt@3.4.1
78 silly runTopLevelLifecycles Starting
79 silly executeActions Starting
80 silly install executeActions
81 silly doSerial global-install 0
82 silly doParallel fetch 1
83 verbose correctMkdir /Users/shivambharuka/.npm/_locks correctMkdir not in flight; initializing
84 verbose lock using /Users/shivambharuka/.npm/_locks/staging-3a08f0df5026584d.lock for /usr/local/lib/node_modules/.staging
85 silly doParallel extract 1
86 silly extract spaceship-prompt@3.4.1
87 verbose unbuild lib/node_modules/.staging/spaceship-prompt-a7f684ed
88 silly gentlyRm /usr/local/lib/node_modules/.staging/spaceship-prompt-a7f684ed is being purged from base /usr/local
89 verbose gentlyRm don't care about contents; nuking /usr/local/lib/node_modules/.staging/spaceship-prompt-a7f684ed
90 verbose tar unpack /Users/shivambharuka/.npm/spaceship-prompt/3.4.1/package.tgz
91 verbose tar unpacking to /usr/local/lib/node_modules/.staging/spaceship-prompt-a7f684ed
92 silly gentlyRm /usr/local/lib/node_modules/.staging/spaceship-prompt-a7f684ed is being purged
93 verbose gentlyRm don't care about contents; nuking /usr/local/lib/node_modules/.staging/spaceship-prompt-a7f684ed
94 silly gunzTarPerm modes [ '755', '644' ]
95 silly gunzTarPerm extractEntry package.json
96 silly gunzTarPerm extractEntry LICENSE.md
97 silly gunzTarPerm extractEntry README.md
98 silly gunzTarPerm extractEntry spaceship.zsh
99 silly gunzTarPerm extractEntry lib/hooks.zsh
100 silly gunzTarPerm extractEntry lib/section.zsh
101 silly gunzTarPerm extractEntry lib/utils.zsh
102 silly gunzTarPerm extractEntry scripts/install.sh
103 silly gunzTarPerm extractEntry scripts/uninstall.sh
104 silly gunzTarPerm extractEntry scripts/version.sh
105 silly gunzTarPerm extractEntry sections/aws.zsh
106 silly gunzTarPerm extractEntry sections/battery.zsh
107 silly gunzTarPerm extractEntry sections/char.zsh
108 silly gunzTarPerm extractEntry sections/conda.zsh
109 silly gunzTarPerm extractEntry sections/dir.zsh
110 silly gunzTarPerm extractEntry sections/docker.zsh
111 silly gunzTarPerm extractEntry sections/dotnet.zsh
112 silly gunzTarPerm extractEntry sections/elixir.zsh
113 silly gunzTarPerm extractEntry sections/ember.zsh
114 silly gunzTarPerm extractEntry sections/exec_time.zsh
115 silly gunzTarPerm extractEntry sections/exit_code.zsh
116 silly gunzTarPerm extractEntry sections/git_branch.zsh
117 silly gunzTarPerm extractEntry sections/git_status.zsh
118 silly gunzTarPerm extractEntry sections/git.zsh
119 silly gunzTarPerm extractEntry sections/golang.zsh
120 silly gunzTarPerm extractEntry sections/haskell.zsh
121 silly gunzTarPerm extractEntry sections/hg_branch.zsh
122 silly gunzTarPerm extractEntry sections/hg_status.zsh
123 silly gunzTarPerm extractEntry sections/hg.zsh
124 silly gunzTarPerm extractEntry sections/host.zsh
125 silly gunzTarPerm extractEntry sections/jobs.zsh
126 silly gunzTarPerm extractEntry sections/julia.zsh
127 silly gunzTarPerm extractEntry sections/kubecontext.zsh
128 silly gunzTarPerm extractEntry sections/line_sep.zsh
129 silly gunzTarPerm extractEntry sections/node.zsh
130 silly gunzTarPerm extractEntry sections/package.zsh
131 silly gunzTarPerm extractEntry sections/php.zsh
132 silly gunzTarPerm extractEntry sections/pyenv.zsh
133 silly gunzTarPerm extractEntry sections/ruby.zsh
134 silly gunzTarPerm extractEntry sections/rust.zsh
135 silly gunzTarPerm extractEntry sections/swift.zsh
136 silly gunzTarPerm extractEntry sections/time.zsh
137 silly gunzTarPerm extractEntry sections/user.zsh
138 silly gunzTarPerm extractEntry sections/venv.zsh
139 silly gunzTarPerm extractEntry sections/vi_mode.zsh
140 silly gunzTarPerm extractEntry sections/xcode.zsh
141 silly gentlyRm /usr/local/lib/node_modules/.staging/spaceship-prompt-a7f684ed/node_modules is being purged
142 verbose gentlyRm don't care about contents; nuking /usr/local/lib/node_modules/.staging/spaceship-prompt-a7f684ed/node_modules
143 silly doParallel preinstall 1
144 silly preinstall spaceship-prompt@3.4.1 /usr/local/lib/node_modules/.staging/spaceship-prompt-a7f684ed
145 info lifecycle spaceship-prompt@3.4.1~preinstall: spaceship-prompt@3.4.1
146 silly lifecycle spaceship-prompt@3.4.1~preinstall: no script for preinstall, continuing
147 silly doReverseSerial remove 0
148 silly doSerial move 0
149 silly doSerial finalize 1
150 silly finalize /usr/local/lib/node_modules/spaceship-prompt
151 silly doSerial build 1
152 silly build spaceship-prompt@3.4.1
153 info linkStuff spaceship-prompt@3.4.1
154 silly linkStuff spaceship-prompt@3.4.1 has /usr/local/lib/node_modules as its parent node_modules
155 silly linkStuff spaceship-prompt@3.4.1 is part of a global install
156 silly linkStuff spaceship-prompt@3.4.1 is installed into a global node_modules
157 silly linkStuff spaceship-prompt@3.4.1 is installed into the top-level global node_modules
158 verbose linkBins spaceship-prompt@3.4.1
159 verbose linkMans spaceship-prompt@3.4.1
160 silly doSerial global-link 0
161 silly doParallel update-linked 0
162 silly doSerial install 1
163 silly install spaceship-prompt@3.4.1 /usr/local/lib/node_modules/.staging/spaceship-prompt-a7f684ed
164 info lifecycle spaceship-prompt@3.4.1~install: spaceship-prompt@3.4.1
165 silly lifecycle spaceship-prompt@3.4.1~install: no script for install, continuing
166 silly doSerial postinstall 1
167 silly postinstall spaceship-prompt@3.4.1 /usr/local/lib/node_modules/.staging/spaceship-prompt-a7f684ed
168 info lifecycle spaceship-prompt@3.4.1~postinstall: spaceship-prompt@3.4.1
169 verbose lifecycle spaceship-prompt@3.4.1~postinstall: unsafe-perm in lifecycle false
170 verbose lifecycle spaceship-prompt@3.4.1~postinstall: PATH: /usr/local/lib/node_modules/npm/bin/node-gyp-bin:/usr/local/lib/node_modules/spaceship-prompt/node_modules/.bin:/usr/local/lib/node_modules/.bin:/opt/local/bin:/opt/local/sbin:/Users/shivambharuka/.cargo/bin:/usr/local/bin:/usr/bin:/bin:/usr/sbin:/sbin:/Applications/Wireshark.app/Contents/MacOS
171 verbose lifecycle spaceship-prompt@3.4.1~postinstall: CWD: /usr/local/lib/node_modules/spaceship-prompt
172 silly lifecycle spaceship-prompt@3.4.1~postinstall: Args: [ '-c', './scripts/install.sh' ]
173 silly lifecycle spaceship-prompt@3.4.1~postinstall: Returned: code: 1  signal: null
174 info lifecycle spaceship-prompt@3.4.1~postinstall: Failed to exec postinstall script
175 verbose unlock done using /Users/shivambharuka/.npm/_locks/staging-3a08f0df5026584d.lock for /usr/local/lib/node_modules/.staging
176 silly rollbackFailedOptional Starting
177 silly rollbackFailedOptional Finishing
178 silly runTopLevelLifecycles Finishing
179 silly install printInstalled
180 verbose stack Error: spaceship-prompt@3.4.1 postinstall: `./scripts/install.sh`
180 verbose stack Exit status 1
180 verbose stack     at EventEmitter.<anonymous> (/usr/local/lib/node_modules/npm/lib/utils/lifecycle.js:255:16)
180 verbose stack     at emitTwo (events.js:106:13)
180 verbose stack     at EventEmitter.emit (events.js:191:7)
180 verbose stack     at ChildProcess.<anonymous> (/usr/local/lib/node_modules/npm/lib/utils/spawn.js:40:14)
180 verbose stack     at emitTwo (events.js:106:13)
180 verbose stack     at ChildProcess.emit (events.js:191:7)
180 verbose stack     at maybeClose (internal/child_process.js:877:16)
180 verbose stack     at Process.ChildProcess._handle.onexit (internal/child_process.js:226:5)
181 verbose pkgid spaceship-prompt@3.4.1
182 verbose cwd /Users/shivambharuka/Documents/Spring 2018/ECE 411/mps/mazeprocessor
183 error Darwin 17.4.0
184 error argv "/usr/local/bin/node" "/usr/local/bin/npm" "install" "-g" "spaceship-prompt"
185 error node v6.9.2
186 error npm  v3.10.9
187 error code ELIFECYCLE
188 error spaceship-prompt@3.4.1 postinstall: `./scripts/install.sh`
188 error Exit status 1
189 error Failed at the spaceship-prompt@3.4.1 postinstall script './scripts/install.sh'.
189 error Make sure you have the latest version of node.js and npm installed.
189 error If you do, this is most likely a problem with the spaceship-prompt package,
189 error not with npm itself.
189 error Tell the author that this fails on your system:
189 error     ./scripts/install.sh
189 error You can get information on how to open an issue for this project with:
189 error     npm bugs spaceship-prompt
189 error Or if that isn't available, you can get their info via:
189 error     npm owner ls spaceship-prompt
189 error There is likely additional logging output above.
190 verbose exit [ 1, true ]
